<?xml version="1.0" encoding="UTF-8"?>
<!-- Generated by org.testng.reporters.JUnitReportReporter -->
<testsuite hostname="LAPTOP-V71J6OVG" failures="0" tests="1" name="HomeTest" time="0.008" errors="0" timestamp="2021-06-27T13:19:31 IST" skipped="0">
  <testcase classname="HomeTest" name="test1" time="0.008"/>
  <system-out/>
</testsuite> <!-- HomeTest -->
