<?xml version="1.0" encoding="UTF-8"?>
<!-- Generated by org.testng.reporters.JUnitReportReporter -->
<testsuite hostname="LAPTOP-V71J6OVG" failures="0" tests="1" name="SignInTest" time="5.891" errors="0" timestamp="2021-06-26T14:11:19 IST" skipped="0">
  <testcase classname="SignInTest" name="verifyTitleOfSignUpPage" time="5.891"/>
  <system-out/>
</testsuite> <!-- SignInTest -->
