<?xml version="1.0" encoding="UTF-8"?>
<!-- Generated by org.testng.reporters.JUnitReportReporter -->
<testsuite hostname="LAPTOP-V71J6OVG" failures="0" tests="1" name="SignInTest" time="8.259" errors="0" timestamp="12 Jul 2021 16:49:35 GMT" skipped="0">
  <testcase classname="SignInTest" name="verifyTitleOfSignUpPage" time="8.259"/>
</testsuite> <!-- SignInTest -->
