<?xml version="1.0" encoding="UTF-8"?>
<!-- Generated by org.testng.reporters.JUnitReportReporter -->
<testsuite hostname="LAPTOP-V71J6OVG" failures="0" tests="1" name="SignInTest" time="9.301" errors="0" timestamp="01 Jul 2021 03:21:25 GMT" skipped="0">
  <testcase classname="SignInTest" name="verifyTitleOfSignUpPage" time="9.301"/>
</testsuite> <!-- SignInTest -->
