<?xml version="1.0" encoding="UTF-8"?>
<!-- Generated by org.testng.reporters.JUnitReportReporter -->
<testsuite hostname="LAPTOP-V71J6OVG" failures="0" tests="2" name="HomeTest" time="0.009" errors="0" timestamp="12 Jul 2021 16:49:35 GMT" skipped="0">
  <testcase classname="HomeTest" name="testRun" time="0.008"/>
  <testcase classname="HomeTest" name="testSkip" time="0.001"/>
</testsuite> <!-- HomeTest -->
