<?xml version="1.0" encoding="UTF-8"?>
<!-- Generated by org.testng.reporters.JUnitReportReporter -->
<testsuite hostname="LAPTOP-V71J6OVG" failures="0" tests="1" name="SignInTest" time="8.240" errors="0" timestamp="18 Jun 2021 18:27:27 GMT" skipped="0">
  <testcase classname="SignInTest" name="verifyTitleOfSignUpPage" time="8.240"/>
</testsuite> <!-- SignInTest -->
