<?xml version="1.0" encoding="UTF-8"?>
<!-- Generated by org.testng.reporters.JUnitReportReporter -->
<testsuite hostname="LAPTOP-V71J6OVG" failures="0" tests="1" name="SignInTest" time="6.150" errors="0" timestamp="27 Jun 2021 06:33:43 GMT" skipped="0">
  <testcase classname="SignInTest" name="verifyTitleOfSignUpPage" time="6.150"/>
</testsuite> <!-- SignInTest -->
