<?xml version="1.0" encoding="UTF-8"?>
<!-- Generated by org.testng.reporters.JUnitReportReporter -->
<testsuite hostname="LAPTOP-V71J6OVG" failures="0" tests="1" name="HomeTest" time="0.003" errors="0" timestamp="01 Jul 2021 03:35:32 GMT" skipped="0">
  <testcase classname="HomeTest" name="test2" time="0.003"/>
</testsuite> <!-- HomeTest -->
